<?xml version="1.0" encoding="UTF-8"?>
<testng-results ignored="0" total="1" passed="1" failed="0" skipped="0">
  <reporter-output>
  </reporter-output>
  <suite started-at="2026-02-26T00:54:29 IST" name="Demo Suite" finished-at="2026-02-26T00:54:41 IST" duration-ms="11438">
    <groups>
    </groups>
    <test started-at="2026-02-26T00:54:29 IST" name="Demo Test" finished-at="2026-02-26T00:54:41 IST" duration-ms="11438">
      <class name="Tests.LoginTest">
        <test-method signature="openGoogle()[pri:0, instance:Tests.LoginTest@158d2680]" started-at="2026-02-26T00:54:29 IST" name="openGoogle" finished-at="2026-02-26T00:54:41 IST" duration-ms="11307" status="PASS">
          <reporter-output>
          </reporter-output>
        </test-method> <!-- openGoogle -->
      </class> <!-- Tests.LoginTest -->
    </test> <!-- Demo Test -->
  </suite> <!-- Demo Suite -->
</testng-results>
